Build started 10/8/2013 11:05:16 PM.
     1>Project "C:\MyGit\GitProjects\HelloGitHub\HelloGitHub\HelloGitHub.vcxproj" on node 2 (Rebuild target(s)).
     1>CustomBuild:
         Moc'ing hellogithub.h...
         Uic'ing hellogithub.ui...
         Rcc'ing hellogithub.qrc...
     1>RCC : warning : No resources in 'C:\MyGit\GitProjects\HelloGitHub\HelloGitHub\hellogithub.qrc'.
         
       ClCompile:
         C:\Program Files (x86)\Microsoft Visual Studio 11.0\VC\bin\x86_amd64\CL.exe /c /I.\GeneratedFiles /I. /IC:\Qt\Qt5.1.1\5.1.1\msvc2012_64_opengl\include /I.\GeneratedFiles\Debug /IC:\Qt\Qt5.1.1\5.1.1\msvc2012_64_opengl\include\QtCore /IC:\Qt\Qt5.1.1\5.1.1\msvc2012_64_opengl\include\QtGui /IC:\Qt\Qt5.1.1\5.1.1\msvc2012_64_opengl\include\QtWidgets /Zi /nologo /W1 /WX- /Od /D UNICODE /D WIN32 /D WIN64 /D QT_DLL /D QT_CORE_LIB /D QT_GUI_LIB /D QT_WIDGETS_LIB /Gm- /EHsc /MDd /GS /fp:precise /Zc:wchar_t- /Zc:forScope /Fo"x64\Debug\\" /Fd"x64\Debug\vc110.pdb" /Gd /TP /errorReport:prompt GeneratedFiles\Debug\moc_hellogithub.cpp hellogithub.cpp main.cpp
         moc_hellogithub.cpp
         hellogithub.cpp
         main.cpp
         Generating Code...
         C:\Program Files (x86)\Microsoft Visual Studio 11.0\VC\bin\x86_amd64\CL.exe /c /I.\GeneratedFiles /I. /IC:\Qt\Qt5.1.1\5.1.1\msvc2012_64_opengl\include /I.\GeneratedFiles\Debug /IC:\Qt\Qt5.1.1\5.1.1\msvc2012_64_opengl\include\QtCore /IC:\Qt\Qt5.1.1\5.1.1\msvc2012_64_opengl\include\QtGui /IC:\Qt\Qt5.1.1\5.1.1\msvc2012_64_opengl\include\QtWidgets /Zi /nologo /W1 /WX- /Od /D UNICODE /D WIN32 /D WIN64 /D QT_DLL /D QT_CORE_LIB /D QT_GUI_LIB /D QT_WIDGETS_LIB /Gm- /EHsc /MDd /GS /fp:precise /Zc:wchar_t- /Zc:forScope /Fo"x64\Debug\\" /Fd"x64\Debug\vc110.pdb" /Gd /TP /errorReport:prompt GeneratedFiles\qrc_hellogithub.cpp
         qrc_hellogithub.cpp
       Link:
         C:\Program Files (x86)\Microsoft Visual Studio 11.0\VC\bin\x86_amd64\link.exe /ERRORREPORT:PROMPT /OUT:"C:\MyGit\GitProjects\HelloGitHub\x64\Debug\\HelloGitHub.exe" /NOLOGO /LIBPATH:C:\Qt\Qt5.1.1\5.1.1\msvc2012_64_opengl\lib qtmaind.lib Qt5Cored.lib Qt5Guid.lib Qt5Widgetsd.lib kernel32.lib user32.lib gdi32.lib winspool.lib comdlg32.lib advapi32.lib shell32.lib ole32.lib oleaut32.lib uuid.lib odbc32.lib odbccp32.lib /MANIFEST /MANIFESTUAC:"level='asInvoker' uiAccess='false'" /manifest:embed /DEBUG /PDB:"C:\MyGit\GitProjects\HelloGitHub\x64\Debug\HelloGitHub.pdb" /SUBSYSTEM:WINDOWS /TLBID:1 /DYNAMICBASE /NXCOMPAT /IMPLIB:"C:\MyGit\GitProjects\HelloGitHub\x64\Debug\HelloGitHub.lib" /MACHINE:X64 x64\Debug\moc_hellogithub.obj
         x64\Debug\qrc_hellogithub.obj
         x64\Debug\hellogithub.obj
         x64\Debug\main.obj
         HelloGitHub.vcxproj -> C:\MyGit\GitProjects\HelloGitHub\x64\Debug\HelloGitHub.exe
     1>Done Building Project "C:\MyGit\GitProjects\HelloGitHub\HelloGitHub\HelloGitHub.vcxproj" (Rebuild target(s)).

Build succeeded.

Time Elapsed 00:00:18.78
