C:\MYGIT\GITPROJECTS\HELLOGITHUB\HELLOGITHUB\X64\DEBUG\QRC_HELLOGITHUB.OBJ
C:\MYGIT\GITPROJECTS\HELLOGITHUB\HELLOGITHUB\X64\DEBUG\VC110.PDB
C:\MYGIT\GITPROJECTS\HELLOGITHUB\HELLOGITHUB\X64\DEBUG\MAIN.OBJ
C:\MYGIT\GITPROJECTS\HELLOGITHUB\HELLOGITHUB\X64\DEBUG\HELLOGITHUB.OBJ
C:\MYGIT\GITPROJECTS\HELLOGITHUB\HELLOGITHUB\X64\DEBUG\MOC_HELLOGITHUB.OBJ
C:\MYGIT\GITPROJECTS\HELLOGITHUB\HELLOGITHUB\GENERATEDFILES\DEBUG\MOC_HELLOGITHUB.CPP
C:\MYGIT\GITPROJECTS\HELLOGITHUB\HELLOGITHUB\GENERATEDFILES\QRC_HELLOGITHUB.CPP
C:\MYGIT\GITPROJECTS\HELLOGITHUB\HELLOGITHUB\GENERATEDFILES\UI_HELLOGITHUB.H
C:\MYGIT\GITPROJECTS\HELLOGITHUB\X64\DEBUG\HELLOGITHUB.ILK
C:\MYGIT\GITPROJECTS\HELLOGITHUB\X64\DEBUG\HELLOGITHUB.EXE
C:\MYGIT\GITPROJECTS\HELLOGITHUB\X64\DEBUG\HELLOGITHUB.PDB
C:\MyGit\GitProjects\HelloGitHub\HelloGitHub\x64\Debug\hellogithub.obj
C:\MyGit\GitProjects\HelloGitHub\HelloGitHub\x64\Debug\main.obj
C:\MyGit\GitProjects\HelloGitHub\HelloGitHub\x64\Debug\moc_hellogithub.obj
C:\MyGit\GitProjects\HelloGitHub\HelloGitHub\x64\Debug\qrc_hellogithub.obj
C:\MyGit\GitProjects\HelloGitHub\HelloGitHub\x64\Debug\cl.command.1.tlog
C:\MyGit\GitProjects\HelloGitHub\HelloGitHub\x64\Debug\CL.read.1.tlog
C:\MyGit\GitProjects\HelloGitHub\HelloGitHub\x64\Debug\CL.write.1.tlog
C:\MyGit\GitProjects\HelloGitHub\HelloGitHub\x64\Debug\custombuild.command.1.tlog
C:\MyGit\GitProjects\HelloGitHub\HelloGitHub\x64\Debug\custombuild.read.1.tlog
C:\MyGit\GitProjects\HelloGitHub\HelloGitHub\x64\Debug\custombuild.write.1.tlog
C:\MyGit\GitProjects\HelloGitHub\HelloGitHub\x64\Debug\link-cvtres.read.1.tlog
C:\MyGit\GitProjects\HelloGitHub\HelloGitHub\x64\Debug\link-cvtres.write.1.tlog
C:\MyGit\GitProjects\HelloGitHub\HelloGitHub\x64\Debug\link-rc.read.1.tlog
C:\MyGit\GitProjects\HelloGitHub\HelloGitHub\x64\Debug\link-rc.write.1.tlog
C:\MyGit\GitProjects\HelloGitHub\HelloGitHub\x64\Debug\link.3248-cvtres.read.1.tlog
C:\MyGit\GitProjects\HelloGitHub\HelloGitHub\x64\Debug\link.3248-cvtres.write.1.tlog
C:\MyGit\GitProjects\HelloGitHub\HelloGitHub\x64\Debug\link.3248-rc.read.1.tlog
C:\MyGit\GitProjects\HelloGitHub\HelloGitHub\x64\Debug\link.3248-rc.write.1.tlog
C:\MyGit\GitProjects\HelloGitHub\HelloGitHub\x64\Debug\link.3248.read.1.tlog
C:\MyGit\GitProjects\HelloGitHub\HelloGitHub\x64\Debug\link.3248.write.1.tlog
C:\MyGit\GitProjects\HelloGitHub\HelloGitHub\x64\Debug\link.command.1.tlog
C:\MyGit\GitProjects\HelloGitHub\HelloGitHub\x64\Debug\link.read.1.tlog
C:\MyGit\GitProjects\HelloGitHub\HelloGitHub\x64\Debug\link.write.1.tlog
C:\MyGit\GitProjects\HelloGitHub\HelloGitHub\x64\Debug\vc110.pdb
C:\MyGit\GitProjects\HelloGitHub\x64\Debug\HelloGitHub.pdb
C:\MyGit\GitProjects\HelloGitHub\x64\Debug\HelloGitHub.exe
C:\MyGit\GitProjects\HelloGitHub\x64\Debug\HelloGitHub.ilk
